MPASM 5.77                          MAIN.ASM   6-28-2020  12:01:40         PAGE  1


LOC  OBJECT CODE     LINE SOURCE TEXT
  VALUE

                      00001     #include <p18f4550.inc>
                      00001         LIST
                      00002 
                      00003 ;==========================================================================
                      00004 ; Build date : Nov 22 2017
                      00005 ;  MPASM PIC18F4550 processor include
                      00006 ; 
                      00007 ;  (c) Copyright 1999-2017 Microchip Technology, All rights reserved
                      00008 ;==========================================================================
                      00009 
                      01765         LIST
                      00002     #include "fuses.inc"
                      00001 ; CONFIG1L
                      00002   CONFIG  PLLDIV = 4            ; PLL Prescaler Selection bits (No preescaler (4 MHz oscillator input))
                      00003   CONFIG  CPUDIV = OSC1_PLL2    ; System Clock Postscaler Selection bits ([Primary Oscillator Src: /1][9
                            6 MHz PLL Src: /2])
                      00004   CONFIG  USBDIV = 1            ; USB Clock Selection bit (used in Full-Speed USB mode only; UCFG:FSEN =
                             1) (USB clock source comes directly from the primary oscillator block with no postscale)
                      00005 
                      00006 ; CONFIG1H
                      00007   CONFIG  FOSC = INTOSCIO_EC    ; Oscillator Selection bits (Internal oscillator, port function on RA6, 
                            EC used by USB (INTIO))
                      00008   CONFIG  FCMEN = ON            ; Fail-Safe Clock Monitor Enable bit (Fail-Safe Clock Monitor enabled)
                      00009   CONFIG  IESO = OFF             ; Internal/External Oscillator Switchover bit (Oscillator Switchover mo
                            de enabled)
                      00010 
                      00011 ; CONFIG2L
                      00012   CONFIG  PWRT = ON             ; Power-up Timer Enable bit (PWRT enabled)
                      00013   CONFIG  BOR = OFF             ; Brown-out Reset Enable bits (Brown-out Reset disabled in hardware and 
                            software)
                      00014   CONFIG  BORV = 3              ; Brown-out Reset Voltage bits (Minimum setting 2.05V)
                      00015   CONFIG  VREGEN = OFF          ; USB Voltage Regulator Enable bit (USB voltage regulator disabled)
                      00016 
                      00017 ; CONFIG2H
                      00018   CONFIG  WDT = OFF             ; Watchdog Timer Enable bit (WDT disabled (control is placed on the SWDT
                            EN bit))
                      00019   CONFIG  WDTPS = 32768         ; Watchdog Timer Postscale Select bits (1:32768)
                      00020 
                      00021 ; CONFIG3H
                      00022   CONFIG  CCP2MX = ON           ; CCP2 MUX bit (CCP2 input/output is multiplexed with RC1)
                      00023   CONFIG  PBADEN = OFF          ; PORTB A/D Enable bit (PORTB<4:0> pins are configured as digital I/O on
                             Reset)
                      00024   CONFIG  LPT1OSC = OFF         ; Low-Power Timer 1 Oscillator Enable bit (Timer1 configured for higher 
                            power operation)
                      00025   CONFIG  MCLRE = ON            ; MCLR Pin Enable bit (MCLR pin enabled; RE3 input pin disabled)
                      00026 
                      00027 ; CONFIG4L
                      00028   CONFIG  STVREN = ON           ; Stack Full/Underflow Reset Enable bit (Stack full/underflow will cause
                             Reset)
                      00029   CONFIG  LVP = OFF             ; Single-Supply ICSP Enable bit (Single-Supply ICSP disabled)
                      00030   CONFIG  ICPRT = OFF           ; Dedicated In-Circuit Debug/Programming Port (ICPORT) Enable bit (ICPOR
                            T disabled)
                      00031   CONFIG  XINST = OFF           ; Extended Instruction Set Enable bit (Instruction set extension and Ind
MPASM 5.77                          MAIN.ASM   6-28-2020  12:01:40         PAGE  2


LOC  OBJECT CODE     LINE SOURCE TEXT
  VALUE

                            exed Addressing mode disabled (Legacy mode))
                      00032 
                      00033 ; CONFIG5L
                      00034   CONFIG  CP0 = OFF             ; Code Protection bit (Block 0 (000800-001FFFh) is not code-protected)
                      00035   CONFIG  CP1 = OFF             ; Code Protection bit (Block 1 (002000-003FFFh) is not code-protected)
                      00036   CONFIG  CP2 = OFF             ; Code Protection bit (Block 2 (004000-005FFFh) is not code-protected)
                      00037   CONFIG  CP3 = OFF             ; Code Protection bit (Block 3 (006000-007FFFh) is not code-protected)
                      00038 
                      00039 ; CONFIG5H
                      00040   CONFIG  CPB = OFF             ; Boot Block Code Protection bit (Boot block (000000-0007FFh) is not cod
                            e-protected)
                      00041   CONFIG  CPD = OFF             ; Data EEPROM Code Protection bit (Data EEPROM is not code-protected)
                      00042 
                      00043 ; CONFIG6L
                      00044   CONFIG  WRT0 = OFF            ; Write Protection bit (Block 0 (000800-001FFFh) is not write-protected)
                      00045   CONFIG  WRT1 = OFF            ; Write Protection bit (Block 1 (002000-003FFFh) is not write-protected)
                      00046   CONFIG  WRT2 = OFF            ; Write Protection bit (Block 2 (004000-005FFFh) is not write-protected)
                      00047   CONFIG  WRT3 = OFF            ; Write Protection bit (Block 3 (006000-007FFFh) is not write-protected)
                      00048 
                      00049 ; CONFIG6H
                      00050   CONFIG  WRTC = OFF            ; Configuration Register Write Protection bit (Configuration registers (
                            300000-3000FFh) are not write-protected)
                      00051   CONFIG  WRTB = OFF            ; Boot Block Write Protection bit (Boot block (000000-0007FFh) is not wr
                            ite-protected)
                      00052   CONFIG  WRTD = OFF            ; Data EEPROM Write Protection bit (Data EEPROM is not write-protected)
                      00053 
                      00054 ; CONFIG7L
                      00055   CONFIG  EBTR0 = OFF           ; Table Read Protection bit (Block 0 (000800-001FFFh) is not protected f
                            rom table reads executed in other blocks)
                      00056   CONFIG  EBTR1 = OFF           ; Table Read Protection bit (Block 1 (002000-003FFFh) is not protected f
                            rom table reads executed in other blocks)
                      00057   CONFIG  EBTR2 = OFF           ; Table Read Protection bit (Block 2 (004000-005FFFh) is not protected f
                            rom table reads executed in other blocks)
                      00058   CONFIG  EBTR3 = OFF           ; Table Read Protection bit (Block 3 (006000-007FFFh) is not protected f
                            rom table reads executed in other blocks)
                      00059 
                      00060 ; CONFIG7H
                      00061   CONFIG  EBTRB = OFF           ; Boot Block Table Read Protection bit (Boot block (000000-0007FFh) is n
                            ot protected from table reads executed in other blocks)
                      00062 
                      00063 
                      00003     #include "SPI.inc"
                      00001 SPI_ROUTINE CODE ;DEJAMOS QUE EL LINKER SE ENCARGUE DE COLOCAR EL CODIGO
                      00002 
000000                00003 SPI_INIT
000000 8093           00004     bsf TRISB, RB0 ;configurado como digital en ADCON1
000002 9E94           00005     bcf TRISC, RC7
000004 9293           00006     bcf TRISB, RB1
000006 9A92           00007     bcf TRISA, RA5 ;configurado como digital en ADCON1
000008 0EC0           00008     movlw 0xC0      ; [SMP:1][CKE:0][i2cBits:000000]
00000A 6EC7           00009     movwf SSPSTAT
00000C 0E20           00010     movlw 0x20      ; [WCOL:0][SSPOV:0][SSPEN:1][CKP:0][SSPM3-SSPM0:0000]
00000E 6EC6           00011     movwf SSPCON1
MPASM 5.77                          MAIN.ASM   6-28-2020  12:01:40         PAGE  3


LOC  OBJECT CODE     LINE SOURCE TEXT
  VALUE

000010 0012           00012     return
000012                00013 SPI_CLOSE
000012 0EDF           00014     movlw 0xDF
000014 16C6           00015     andwf SSPCON1,1   ; aplicamos un and a SSPCON1, guardamos en SSPCON1
000016 0012           00016     return
000018                00017 SPI_READ
000018 0E00           00018     movlw 0x00
00001A 6EC9           00019     movwf SSPBUF
Warning[207]: Found label after column 1. (esperar_lectura)
00001C                00020     esperar_lectura
00001C A0C7           00021     btfss SSPSTAT,BF
00001E D???           00022     bra esperar_lectura
000020 50C9           00023     movf SSPBUF,W
000022 6E??           00024     movwf RXDATA
000024 0012           00025     return
000026                00026 SPI_WRITE
000026 969E           00027     bcf PIR1,SSPIF
000028 50C9           00028     movf SSPBUF,W        ;Leer siempre
00002A C??? FFC9      00029     movff TXDATA,SSPBUF  ;cargamos el dato a enviar
Warning[207]: Found label after column 1. (esperar)
00002E                00030  esperar
00002E A0C7           00031     btfss SSPSTAT,BF
000030 D???           00032     bra esperar
000032 0012           00033     return
                      00034 
                      00035 
                      00036 
                      00037 
                      00004     #include "NRF24L01.inc"
                      00001 ;Definicion de constantes
  00000000            00002 R_REGISTER EQU 0x00
  00000020            00003 W_REGISTER EQU 0x20
  000000A0            00004 W_TX_PAYLOAD EQU 0xA0
  00000061            00005 R_RX_PAYLOAD    EQU 0x61
  000000E1            00006 FLUSH_TX EQU 0xE1
  000000E2            00007 FLUSH_RX EQU 0xE2
                      00008 
  00000000            00009 CONFIG_VAL EQU 0x00
  00000001            00010 EN_AA   EQU 0x01
  00000002            00011 EN_RXADDR   EQU 0x02
  00000003            00012 SETUP_AW    EQU 0x03
  00000004            00013 SETUP_RETR  EQU 0x04
  00000005            00014 RF_CH       EQU 0x05
  00000006            00015 RF_SETUP    EQU 0x06
  00000007            00016 STATUS_VAL  EQU 0x07
  00000008            00017 OBSERVE_TX  EQU 0x08
  00000009            00018 CD          EQU 0x09
  0000000A            00019 RX_ADDR_P0  EQU 0x0A
  0000000B            00020 RX_ADDR_P1  EQU 0x0B
  0000000C            00021 RX_ADDR_P2  EQU 0x0C
  0000000D            00022 RX_ADDR_P3  EQU 0x0D
  0000000E            00023 RX_ADDR_P4  EQU 0x0E
  0000000F            00024 RX_ADDR_P5  EQU 0x0F
MPASM 5.77                          MAIN.ASM   6-28-2020  12:01:40         PAGE  4


LOC  OBJECT CODE     LINE SOURCE TEXT
  VALUE

  00000010            00025 TX_ADDR     EQU 0x10
  00000011            00026 RX_PW_P0    EQU 0x11
  00000012            00027 RX_PW_P1    EQU 0x12
  00000013            00028 RX_PW_P2    EQU 0x13
  00000014            00029 RX_PW_P3    EQU 0x14
  00000015            00030 RX_PW_P4    EQU 0x15
  00000016            00031 RX_PW_P5    EQU 0x16
  00000017            00032 FIFO_STATUS EQU 0x17
                      00033 NRF_ROUTINE CODE ;DEJAMOS QUE EL LINKER SE ENCARGUE DE COLOCAR EL CODIGO
                      00034 
000000                00035 NRF_WRITE_REGISTER
000000 9481           00036     bcf PORTB, RB2
000002 50??           00037     movf COMMAND,W
000004 0920           00038     iorlw W_REGISTER
000006 6E??           00039     movwf TXDATA
000008 EC?? F???      00040     call SPI_WRITE
00000C 50??           00041     movf DATA_TO_SEND,W
00000E 6E??           00042     movwf TXDATA
000010 EC?? F???      00043     call SPI_WRITE
000014 8481           00044     bsf PORTB, RB2
000016 0012           00045     return
000018                00046 NRF_FLUSH
000018 9481           00047     bcf PORTB, RB2
00001A 0EE2           00048     movlw FLUSH_RX
00001C 6E??           00049     movwf TXDATA
00001E EC?? F???      00050     CALL SPI_WRITE
000022 8481           00051     bsf PORTB, RB2
000024 0012           00052     return
000026                00053 NRF_WRITE_BUFFER_5
000026 9481           00054     bcf PORTB, RB2
000028 50??           00055     movf COMMAND,W
00002A 0920           00056     iorlw W_REGISTER
00002C 6E??           00057     movwf TXDATA
00002E EC?? F???      00058     call SPI_WRITE
000032 50??           00059     movf BUFFER_DATA,W
000034 6E??           00060     movwf TXDATA
000036 EC?? F???      00061     call SPI_WRITE
00003A 50??           00062     movf BUFFER_DATA+1,W
00003C 6E??           00063     movwf TXDATA
00003E EC?? F???      00064     call SPI_WRITE
000042 50??           00065     movf BUFFER_DATA+2,W
000044 6E??           00066     movwf TXDATA
000046 EC?? F???      00067     call SPI_WRITE
00004A 50??           00068     movf BUFFER_DATA+3,W
00004C 6E??           00069     movwf TXDATA
00004E EC?? F???      00070     call SPI_WRITE
000052 50??           00071     movf BUFFER_DATA+4,W
000054 6E??           00072     movwf TXDATA
000056 EC?? F???      00073     call SPI_WRITE
00005A 8481           00074     bsf PORTB, RB2
00005C 0012           00075     return
00005E                00076 NRF_WRITE_BUFFER_2
00005E 9481           00077     bcf PORTB, RB2
MPASM 5.77                          MAIN.ASM   6-28-2020  12:01:40         PAGE  5


LOC  OBJECT CODE     LINE SOURCE TEXT
  VALUE

000060 50??           00078     movf COMMAND,W
000062 0920           00079     iorlw W_REGISTER
000064 6E??           00080     movwf TXDATA
000066 EC?? F???      00081     call SPI_WRITE
00006A 50??           00082     movf BUFFER_DATA,W
00006C 6E??           00083     movwf TXDATA
00006E EC?? F???      00084     call SPI_WRITE
000072 50??           00085     movf BUFFER_DATA+1,W
000074 6E??           00086     movwf TXDATA
000076 EC?? F???      00087     call SPI_WRITE
00007A 8481           00088     bsf PORTB, RB2
00007C 0012           00089     return
00007E                00090 NRF_SEND_DATA
00007E EC?? F???      00091     call NRF_FLUSH              ;limpiamos las colas
000082 51A0           00092     movf W_TX_PAYLOAD,W
000084 6E??           00093     movwf COMMAND
000086 EC?? F???      00094     call NRF_WRITE_BUFFER_2
00008A 0E70           00095     movlw 0x70
00008C 6E??           00096     movwf DATA_TO_SEND
00008E 5007           00097     movf STATUS_VAL,W
000090 6E??           00098     movwf COMMAND
000092 EC?? F???      00099     call NRF_WRITE_REGISTER ;limpiamos las banderas
000096 0E02           00100     movlw 0x02
000098 6E??           00101     movwf DATA_TO_SEND
00009A 5000           00102     movf CONFIG_VAL,W
00009C 6E??           00103     movwf COMMAND
00009E EC?? F???      00104     call NRF_WRITE_REGISTER
0000A2 8681           00105     bsf PORTB,RB3
0000A4 EC?? F???      00106     call DELAY_1MS          ;espera de al menos 10us
0000A8 9681           00107     bcf PORTB,RB3
0000AA 0012           00108     return
0000AC                00109 NRF_SET_RX_MODE
0000AC EC?? F???      00110     call NRF_FLUSH          ;limpiamos las colas
0000B0 0E70           00111     movlw 0x70
0000B2 6E??           00112     movwf DATA_TO_SEND
0000B4 0E07           00113     movlw STATUS_VAL
0000B6 6E??           00114     movwf COMMAND
0000B8 EC?? F???      00115     call NRF_WRITE_REGISTER ;limpiamos las banderas
0000BC 0E03           00116     movlw 0x03
0000BE 6E??           00117     movwf DATA_TO_SEND
0000C0 0E00           00118     movlw CONFIG_VAL
0000C2 6E??           00119     movwf COMMAND
0000C4 EC?? F???      00120     call NRF_WRITE_REGISTER ;colocamos en modo RX [prim_RX:1]
0000C8 8681           00121     bsf PORTB,RB3           ;CE  : CHIP ENABLE
0000CA 0012           00122     return
0000CC                00123 NRF_READ_REGISTER
0000CC 9481           00124     bcf PORTB, RB2
0000CE 50??           00125     movf COMMAND,W
0000D0 0900           00126     iorlw R_REGISTER
0000D2 6E??           00127     movwf TXDATA
0000D4 EC?? F???      00128     call SPI_WRITE
0000D8 EC?? F???      00129     call SPI_READ
0000DC 8481           00130     bsf PORTB, RB2
MPASM 5.77                          MAIN.ASM   6-28-2020  12:01:40         PAGE  6


LOC  OBJECT CODE     LINE SOURCE TEXT
  VALUE

0000DE 0012           00131     return
0000E0                00132 NRF_READ_BUFFER
0000E0 9481           00133     bcf PORTB,RB2
0000E2 0E61           00134     movlw R_RX_PAYLOAD
0000E4 6E??           00135     movwf TXDATA
0000E6 EC?? F???      00136     call SPI_WRITE
0000EA EC?? F???      00137     call SPI_READ
0000EE C??? F???      00138     movff RXDATA, BUFFER_DATA
0000F2 EC?? F???      00139     call SPI_READ
0000F6 C??? F???      00140     movff RXDATA, BUFFER_DATA+1
0000FA 8481           00141     bsf PORTB,RB2
0000FC 0E70           00142     movlw 0x70
0000FE 6E??           00143     movwf DATA_TO_SEND
000100 5007           00144     movf STATUS_VAL,W
000102 6E??           00145     movwf COMMAND
000104 EC?? F???      00146     call NRF_WRITE_REGISTER ;limpiamos las banderas
000108 EC?? F???      00147     call NRF_FLUSH          ;limpiamos las colas
00010C 0012           00148     return
00010E                00149 NRF_DATA_READY
Warning[207]: Found label after column 1. (wait_data)
00010E                00150     wait_data
00010E 0E07           00151     movlw STATUS_VAL
000110 6E??           00152     movwf COMMAND
000112 EC?? F???      00153     call NRF_READ_REGISTER
000116 AC??           00154     btfss RXDATA, 6     ; revisamos el bit RX_DR, 1 si llegó un dato
000118 D???           00155     bra wait_data
00011A 0012           00156     return
00011C                00157 NRF_INIT_RX
00011C 9493           00158     bcf TRISB,RB2           ;CSN : CHIP SELECT NOT
00011E 9693           00159     bcf TRISB,RB3           ;CE  : CHIP ENABLE
000120 8481           00160     bsf PORTB,RB2           ; mantenemos en alto CSN
000122 9681           00161     bcf PORTB,RB3
                      00162                             ;hacemos un delay de 100 ms para iniciar el modulo
000124 EC?? F???      00163     call DELAY_100MS
                      00164                              ; para cada comando, debemos hacer una transicion de CSN en alto hacia abaj
                            o
                      00165                             ;cmd <msb-lsb>
                      00166                              ;data <lsb-msb>
000128 0E02           00167     movlw 0x02              ;[EN_CRC:0][CRC:0][PWR_UP:1][PRIM_RX:0]
00012A 6E??           00168     movwf DATA_TO_SEND      ;valor que ira en el registro
00012C 0E00           00169     movlw CONFIG_VAL
00012E 6E??           00170     movwf COMMAND           ;registro a editar
000130 EC?? F???      00171     call NRF_WRITE_REGISTER
                      00172                             ;hacemos un delay de 10 ms para iniciar el modulo
000134 EC?? F???      00173     call DELAY_10MS
                      00174                              ;tiempo terminado
000138 0E00           00175     movlw 0x00              ;[ENAA_P0:1]
00013A 6E??           00176     movwf DATA_TO_SEND
00013C 0E01           00177     movlw EN_AA
00013E 6E??           00178     movwf COMMAND
000140 EC?? F???      00179     call NRF_WRITE_REGISTER
000144 0E01           00180     movlw 0x01                  ;[ERX_P0:0]
000146 6E??           00181     movwf DATA_TO_SEND
MPASM 5.77                          MAIN.ASM   6-28-2020  12:01:40         PAGE  7


LOC  OBJECT CODE     LINE SOURCE TEXT
  VALUE

000148 0E02           00182     movlw EN_RXADDR
00014A 6E??           00183     movwf COMMAND
00014C EC?? F???      00184     call NRF_WRITE_REGISTER
000150 0E03           00185     movlw 0x03                  ;[AW1-AW0:11]
000152 6E??           00186     movwf DATA_TO_SEND
000154 0E03           00187     movlw SETUP_AW
000156 6E??           00188     movwf COMMAND
000158 EC?? F???      00189     call NRF_WRITE_REGISTER
00015C 0E00           00190     movlw 0x00                  ;[AW1-AW0:11]
00015E 6E??           00191     movwf DATA_TO_SEND
000160 0E04           00192     movlw SETUP_RETR
000162 6E??           00193     movwf COMMAND
000164 EC?? F???      00194     call NRF_WRITE_REGISTER
000168 0E40           00195     movlw 0x40    ;CANAL
00016A 6E??           00196     movwf DATA_TO_SEND
00016C 0E05           00197     movlw RF_CH
00016E 6E??           00198     movwf COMMAND
000170 EC?? F???      00199     call NRF_WRITE_REGISTER
000174 0E26           00200     movlw 0x26    ;[AW1-AW0:11]
000176 6E??           00201     movwf DATA_TO_SEND
000178 0E06           00202     movlw RF_SETUP
00017A 6E??           00203     movwf COMMAND
00017C EC?? F???      00204     call NRF_WRITE_REGISTER
000180 0E0A           00205     movlw RX_ADDR_P0
000182 6E??           00206     movwf COMMAND
000184 0E05           00207     movlw 0x05          ;llenamos el buffer con la direccion de los del pipe 0
000186 6E??           00208     movwf BUFFER_DATA
000188 0E04           00209     movlw 0x04
00018A 6E??           00210     movwf BUFFER_DATA+1
00018C 0E03           00211     movlw 0x03
00018E 6E??           00212     movwf BUFFER_DATA+2
000190 0E02           00213     movlw 0x02
000192 6E??           00214     movwf BUFFER_DATA+3
000194 0E01           00215     movlw 0x01
000196 6E??           00216     movwf BUFFER_DATA+4
000198 EC?? F???      00217     call NRF_WRITE_BUFFER_5
00019C 0E10           00218     movlw TX_ADDR                 ;llenamos el buffer con la direccion del transmisor, igual que el pipe
                             0
00019E 6E??           00219     movwf COMMAND
0001A0 EC?? F???      00220     call NRF_WRITE_BUFFER_5
0001A4 0E02           00221     movlw 0x02                     ;numero de bytes a recibir
0001A6 6E??           00222     movwf DATA_TO_SEND
0001A8 0E11           00223     movlw RX_PW_P0
0001AA 6E??           00224     movwf COMMAND
0001AC EC?? F???      00225     call NRF_WRITE_REGISTER
0001B0 EC?? F???      00226     call DELAY_1MS
0001B4 EC?? F???      00227     call NRF_SET_RX_MODE    ;transicion de configuracion
0001B8 EC?? F???      00228     call DELAY_1MS
0001BC 0012           00229     return
                      00230 
                      00231 
                      00005     #include "TIMER0.inc"
                      00001 TIMER0_ROUTINES CODE
MPASM 5.77                          MAIN.ASM   6-28-2020  12:01:40         PAGE  8


LOC  OBJECT CODE     LINE SOURCE TEXT
  VALUE

                      00002 
000000                00003 TMR0_INIT
                      00004                         ;configuro el timer 0
000000 6AD5           00005     CLRF T0CON          ;limpiamos el registro
000002 9CD5           00006     bcf T0CON,T08BIT    ;modo 16 bits
000004 9AD5           00007     bcf T0CON,T0CS      ; seleccionmos el osc interno como reloj
000006 96D5           00008     bcf T0CON,PSA       ;asignamos el preescaler
000008 84D5           00009     bsf T0CON,T0PS2     ; a 32
00000A 92D5           00010     bcf T0CON,T0PS1
00000C 90D5           00011     bcf T0CON,T0PS0
00000E 0012           00012     return
000010                00013 delay
000010 BED5           00014     btfsc T0CON,TMR0ON
000012 D???           00015     bra delay
000014 0012           00016     return
000016                00017 TMR0_RELOAD
000016 9ED5           00018     bcf T0CON,TMR0ON            ; desactivo timer0
000018 C??? FFD6      00019     movff TMR0_COUNT,TMR0L
00001C C??? FFD7      00020     movff TMR0_COUNT+1,TMR0H
000020 8ED5           00021     bsf T0CON,TMR0ON            ; iniciar timer0
000022 0012           00022     return
000024                00023 DELAY_100MS
000024 0EE7           00024     movlw 0xE7
000026 6E??           00025     movwf TMR0_COUNT+1
000028 0E95           00026     movlw 0x95
00002A 6E??           00027     movwf TMR0_COUNT
00002C EC?? F???      00028     call TMR0_RELOAD
000030 EF?? F???      00029     goto delay
000034                00030 DELAY_10MS
000034 0EFD           00031     movlw 0xFD
000036 6E??           00032     movwf TMR0_COUNT+1
000038 0E8E           00033     movlw 0x8E
00003A 6E??           00034     movwf TMR0_COUNT
00003C EC?? F???      00035     call TMR0_RELOAD
000040 EF?? F???      00036     goto delay
000044                00037 DELAY_1MS
000044 0EFF           00038     movlw 0xFF
000046 6E??           00039     movwf TMR0_COUNT+1
000048 0EC0           00040     movlw 0xC0
00004A 6E??           00041     movwf TMR0_COUNT
00004C EC?? F???      00042     call TMR0_RELOAD
000050 EF?? F???      00043     goto delay
                      00006 variables UDATA_ACS 0x00
000000                00007 W_TEMP      res 1
000001                00008 STATUS_TEMP res 1
000002                00009 BSR_TEMP    res 1
000003                00010 TXDATA    res 1
000004                00011 RXDATA    res 1
000005                00012 TMR0_COUNT  res 2
000007                00013 DATA_TO_SEND     res 1
000008                00014 COMMAND   res 1
000009                00015 BUFFER_DATA res 5
                      00016 
MPASM 5.77                          MAIN.ASM   6-28-2020  12:01:40         PAGE  9


LOC  OBJECT CODE     LINE SOURCE TEXT
  VALUE

                      00017 RES_VECT  CODE    0x0000        ;declaramos el vector de reset
000000 EF?? F???      00018     GOTO    START
                      00019 
                      00020 ISRHV     CODE    0x0008
000008 EF?? F???      00021     GOTO    HIGH_ISR
                      00022 ISRLV     CODE    0x0018
000018 EF?? F???      00023     GOTO    LOW_ISR
                      00024 
                      00025 ISRH      CODE
000000                00026 HIGH_ISR
                      00027                               ;guardamos el contexto al entrar  a la interrupcion
000000 6E??           00028     movwf W_TEMP
000002 CFD8 F???      00029     movff STATUS, STATUS_TEMP
000006 CFE0 F???      00030     movff BSR, BSR_TEMP
00000A A4F2           00031     btfss INTCON,TMR0IF       ;reviso la bandera de interrupcion del timer0
00000C D???           00032     bra EXIT_ISR                      ; si no se cumplió, salgo de la interrupcion
00000E 94F2           00033     BCF INTCON,TMR0IF         ; Limpiamos la bandera
000010 9ED5           00034     bcf T0CON,TMR0ON          ;desactivo el timer
Warning[207]: Found label after column 1. (EXIT_ISR)
000012                00035     EXIT_ISR
                      00036                               ;Recuperamos el contexto
000012 50??           00037     movf W_TEMP,W
000014 C??? FFD8      00038     movff STATUS_TEMP,STATUS
000018 C??? FFE0      00039     movff BSR_TEMP,BSR
00001C 0010           00040     retfie
                      00041 ISRL      CODE
000000                00042 LOW_ISR
000000 0010           00043     retfie
                      00044 
                      00045 
                      00046 
                      00047 MAIN_PROG CODE                  ;generamos la seccion de codigo de nuestro programa
                      00048 ; 1.- Configurar Timer 0
                      00049 ; 2.- Configurar SPI
                      00050 ; 3.- Configurar NRF como receptor
                      00051 ; 4.- Esperar bytes del transmisor
                      00052 ; 5.- Convertir 10 bits a señal pwm
                      00053 ; 6.- Repetir desde el paso 4
000000                00054 START
                      00055     ;seleccionamos el oscilador interno y lo configuramos a 8 mhz
000000 0E72           00056     movlw 0x72
000002 6ED3           00057     movwf OSCCON
                      00058     ;configuro las interrupciones
000004 6A9E           00059     clrf PIR1       ;limpiamos bandera de interrupciones
000006 6AF2           00060     clrf INTCON     ;limpiamos el registro
000008 6A9D           00061     clrf PIE1       ;desactivamos todas las interrupciones de perifericos
00000A 8EF2           00062     bsf INTCON,GIE          ;activamos las interrupciones globales
00000C 8AF2           00063     bsf INTCON,TMR0IE  ; y la interrupcion del timer0
00000E EC?? F???      00064     call TMR0_INIT
000012 EC?? F???      00065     call SPI_INIT
000016 EC?? F???      00066     call NRF_INIT_RX
Warning[207]: Found label after column 1. (loop)
00001A                00067     loop
MPASM 5.77                          MAIN.ASM   6-28-2020  12:01:40         PAGE 10


LOC  OBJECT CODE     LINE SOURCE TEXT
  VALUE

00001A EC?? F???      00068     call NRF_DATA_READY ; esperamos a que el NRF reciba algun dato
00001E EC?? F???      00069     call NRF_READ_BUFFER
                      00070     ; procesar bytes recibidos en BUFFER_DATA y BUFFER_DATA+1
000022 EF?? F???      00071     goto loop
                      00072     END
MPASM 5.77                          MAIN.ASM   6-28-2020  12:01:40         PAGE 11


SYMBOL TABLE
  LABEL                             VALUE 

A                                 00000000
ABDEN                             00000000
ABDOVF                            00000007
ACCESS                            00000000
ACKDT                             00000005
ACKEN                             00000004
ACKSTAT                           00000006
ACQT0                             00000003
ACQT1                             00000004
ACQT2                             00000005
ACTVIE                            00000002
ACTVIF                            00000002
ADCON0                            00000FC2
ADCON1                            00000FC1
ADCON2                            00000FC0
ADCS0                             00000000
ADCS1                             00000001
ADCS2                             00000002
ADDEN                             00000003
ADDR0                             00000000
ADDR1                             00000001
ADDR2                             00000002
ADDR3                             00000003
ADDR4                             00000004
ADDR5                             00000005
ADDR6                             00000006
ADEN                              00000003
ADFM                              00000007
ADIE                              00000006
ADIF                              00000006
ADIP                              00000006
ADON                              00000000
ADRES                             00000FC3
ADRESH                            00000FC4
ADRESL                            00000FC3
AN0                               00000000
AN1                               00000001
AN2                               00000002
AN3                               00000003
AN4                               00000005
BANKED                            00000001
BAUDCON                           00000FB8
BAUDCTL                           00000FB8
BCLIE                             00000003
BCLIF                             00000003
BCLIP                             00000003
BF                                00000000
BGST                              00000005
BOR                               00000000
BRG16                             00000003
BRGH                              00000002
BSR                               00000FE0
BSR_TEMP                          00000002
MPASM 5.77                          MAIN.ASM   6-28-2020  12:01:40         PAGE 12


SYMBOL TABLE
  LABEL                             VALUE 

BTOEE                             00000004
BTOEF                             00000004
BTSEE                             00000007
BTSEF                             00000007
BUFFER_DATA                       00000009
C                                 00000000
C1INV                             00000004
C1OUT                             00000006
C2INV                             00000005
C2OUT                             00000007
CCP1                              00000002
CCP1AS                            00000FB6
CCP1CON                           00000FBD
CCP1DEL                           00000FB7
CCP1IE                            00000002
CCP1IF                            00000002
CCP1IP                            00000002
CCP1M0                            00000000
CCP1M1                            00000001
CCP1M2                            00000002
CCP1M3                            00000003
CCP2CON                           00000FBA
CCP2IE                            00000000
CCP2IF                            00000000
CCP2IP                            00000000
CCP2M0                            00000000
CCP2M1                            00000001
CCP2M2                            00000002
CCP2M3                            00000003
CCPR1                             00000FBE
CCPR1H                            00000FBF
CCPR1L                            00000FBE
CCPR2                             00000FBB
CCPR2H                            00000FBC
CCPR2L                            00000FBB
CD                                00000009
CFGS                              00000006
CHS0                              00000002
CHS1                              00000003
CHS2                              00000004
CHS3                              00000005
CIS                               00000003
CK                                00000006
CK1SPP                            00000000
CK2SPP                            00000001
CKE                               00000006
CKP                               00000004
CLK1EN                            00000004
CLKCFG0                           00000006
CLKCFG1                           00000007
CM0                               00000000
CM1                               00000001
CM2                               00000002
MPASM 5.77                          MAIN.ASM   6-28-2020  12:01:40         PAGE 13


SYMBOL TABLE
  LABEL                             VALUE 

CMCON                             00000FB4
CMIE                              00000006
CMIF                              00000006
CMIP                              00000006
COMMAND                           00000008
CONFIG_VAL                        00000000
CRC16EE                           00000002
CRC16EF                           00000002
CRC5EE                            00000001
CRC5EF                            00000001
CREN                              00000004
CSEN                              00000005
CSRC                              00000007
CVR0                              00000000
CVR1                              00000001
CVR2                              00000002
CVR3                              00000003
CVRCON                            00000FB5
CVREF                             00000004
CVREN                             00000007
CVROE                             00000006
CVRR                              00000005
CVRSS                             00000004
D                                 00000005
DATA_ADDRESS                      00000005
DATA_TO_SEND                      00000007
DC                                00000001
DC1B0                             00000004
DC1B1                             00000005
DC2B0                             00000004
DC2B1                             00000005
DDRA                              TRISA
DDRB                              TRISB
DDRC                              TRISC
DDRD                              TRISD
DDRE                              TRISE
DELAY_100MS                       00000024
DELAY_10MS                        00000034
DELAY_1MS                         00000044
DFN8EE                            00000003
DFN8EF                            00000003
DIR                               00000002
DONE                              00000001
D_A                               00000005
D_NOT_A                           00000005
ECCP1AS                           00000FB6
ECCP1CON                          00000FBD
ECCP1DEL                          00000FB7
ECCPAS0                           00000004
ECCPAS1                           00000005
ECCPAS2                           00000006
ECCPASE                           00000007
EEADR                             00000FA9
MPASM 5.77                          MAIN.ASM   6-28-2020  12:01:40         PAGE 14


SYMBOL TABLE
  LABEL                             VALUE 

EECON1                            00000FA6
EECON2                            00000FA7
EEDATA                            00000FA8
EEIE                              00000004
EEIF                              00000004
EEIP                              00000004
EEPGD                             00000007
ENDP0                             00000003
ENDP1                             00000004
ENDP2                             00000005
ENDP3                             00000006
EN_AA                             00000001
EN_RXADDR                         00000002
EPCONDIS                          00000003
EPHSHK                            00000004
EPINEN                            00000001
EPOUTEN                           00000002
EPSTALL                           00000000
EXIT_ISR                          00000012
FAST                              00000001
FERR                              00000002
FIFO_STATUS                       00000017
FLTS                              00000002
FLUSH_RX                          000000E2
FLUSH_TX                          000000E1
FREE                              00000004
FRM0                              00000000
FRM1                              00000001
FRM10                             00000002
FRM2                              00000002
FRM3                              00000003
FRM4                              00000004
FRM5                              00000005
FRM6                              00000006
FRM7                              00000007
FRM8                              00000000
FRM9                              00000001
FSEN                              00000002
FSR0                              00000000
FSR0H                             00000FEA
FSR0L                             00000FE9
FSR1                              00000001
FSR1H                             00000FE2
FSR1L                             00000FE1
FSR2                              00000002
FSR2H                             00000FDA
FSR2L                             00000FD9
GCEN                              00000007
GIE                               00000007
GIEH                              00000007
GIEL                              00000006
GIE_GIEH                          00000007
GO                                00000001
MPASM 5.77                          MAIN.ASM   6-28-2020  12:01:40         PAGE 15


SYMBOL TABLE
  LABEL                             VALUE 

GO_DONE                           00000001
GO_NOT_DONE                       00000001
HIGH_ISR                          00000000
HLVDCON                           00000FD2
HLVDEN                            00000004
HLVDIE                            00000002
HLVDIF                            00000002
HLVDIN                            00000005
HLVDIP                            00000002
HLVDL0                            00000000
HLVDL1                            00000001
HLVDL2                            00000002
HLVDL3                            00000003
I2C_DAT                           00000005
I2C_READ                          00000002
I2C_START                         00000003
I2C_STOP                          00000004
IDLEIE                            00000004
IDLEIF                            00000004
IDLEN                             00000007
INDF0                             00000FEF
INDF1                             00000FE7
INDF2                             00000FDF
INT0                              00000000
INT0E                             00000004
INT0F                             00000001
INT0IE                            00000004
INT0IF                            00000001
INT1                              00000001
INT1E                             00000003
INT1F                             00000000
INT1IE                            00000003
INT1IF                            00000000
INT1IP                            00000006
INT1P                             00000006
INT2                              00000002
INT2E                             00000004
INT2F                             00000001
INT2IE                            00000004
INT2IF                            00000001
INT2IP                            00000007
INT2P                             00000007
INTCON                            00000FF2
INTCON2                           00000FF1
INTCON3                           00000FF0
INTEDG0                           00000006
INTEDG1                           00000005
INTEDG2                           00000004
INTSRC                            00000007
IOFS                              00000002
IPEN                              00000007
IPR1                              00000F9F
IPR2                              00000FA2
MPASM 5.77                          MAIN.ASM   6-28-2020  12:01:40         PAGE 16


SYMBOL TABLE
  LABEL                             VALUE 

IRCF0                             00000004
IRCF1                             00000005
IRCF2                             00000006
IRVST                             00000005
IVRST                             00000005
LATA                              00000F89
LATA0                             00000000
LATA1                             00000001
LATA2                             00000002
LATA3                             00000003
LATA4                             00000004
LATA5                             00000005
LATA6                             00000006
LATB                              00000F8A
LATB0                             00000000
LATB1                             00000001
LATB2                             00000002
LATB3                             00000003
LATB4                             00000004
LATB5                             00000005
LATB6                             00000006
LATB7                             00000007
LATC                              00000F8B
LATC0                             00000000
LATC1                             00000001
LATC2                             00000002
LATC6                             00000006
LATC7                             00000007
LATD                              00000F8C
LATD0                             00000000
LATD1                             00000001
LATD2                             00000002
LATD3                             00000003
LATD4                             00000004
LATD5                             00000005
LATD6                             00000006
LATD7                             00000007
LATE                              00000F8D
LATE0                             00000000
LATE1                             00000001
LATE2                             00000002
LOW_ISR                           00000000
LVDCON                            00000FD2
LVDEN                             00000004
LVDIE                             00000002
LVDIF                             00000002
LVDIN                             00000005
LVDIP                             00000002
LVDL0                             00000000
LVDL1                             00000001
LVDL2                             00000002
LVDL3                             00000003
LVV0                              00000000
MPASM 5.77                          MAIN.ASM   6-28-2020  12:01:40         PAGE 17


SYMBOL TABLE
  LABEL                             VALUE 

LVV1                              00000001
LVV2                              00000002
LVV3                              00000003
N                                 00000004
NOT_A                             00000005
NOT_ADDRESS                       00000005
NOT_BOR                           00000000
NOT_DONE                          00000001
NOT_IPEN                          00000007
NOT_PD                            00000002
NOT_POR                           00000001
NOT_RBPU                          00000007
NOT_RI                            00000004
NOT_T1SYNC                        00000002
NOT_T3SYNC                        00000002
NOT_TO                            00000003
NOT_W                             00000002
NOT_WRITE                         00000002
NRF_DATA_READY                    0000010E
NRF_FLUSH                         00000018
NRF_INIT_RX                       0000011C
NRF_READ_BUFFER                   000000E0
NRF_READ_REGISTER                 000000CC
NRF_SEND_DATA                     0000007E
NRF_SET_RX_MODE                   000000AC
NRF_WRITE_BUFFER_2                0000005E
NRF_WRITE_BUFFER_5                00000026
NRF_WRITE_REGISTER                00000000
OBSERVE_TX                        00000008
OERR                              00000001
OESPP                             00000002
OSC2                              00000006
OSCCON                            00000FD3
OSCFIE                            00000007
OSCFIF                            00000007
OSCFIP                            00000007
OSCTUNE                           00000F9B
OSTS                              00000003
OV                                00000003
P                                 00000004
P1A                               00000002
P1M0                              00000006
P1M1                              00000007
PC                                00000FF9
PCFG0                             00000000
PCFG1                             00000001
PCFG2                             00000002
PCFG3                             00000003
PCL                               00000FF9
PCLATH                            00000FFA
PCLATU                            00000FFB
PD                                00000002
PDC0                              00000000
MPASM 5.77                          MAIN.ASM   6-28-2020  12:01:40         PAGE 18


SYMBOL TABLE
  LABEL                             VALUE 

PDC1                              00000001
PDC2                              00000002
PDC3                              00000003
PDC4                              00000004
PDC5                              00000005
PDC6                              00000006
PEIE                              00000006
PEIE_GIEL                         00000006
PEN                               00000002
PGC                               00000006
PGD                               00000007
PGM                               00000005
PIDEE                             00000000
PIDEF                             00000000
PIE1                              00000F9D
PIE2                              00000FA0
PIR1                              00000F9E
PIR2                              00000FA1
PKTDIS                            00000004
PLUSW0                            00000FEB
PLUSW1                            00000FE3
PLUSW2                            00000FDB
POR                               00000001
PORTA                             00000F80
PORTB                             00000F81
PORTC                             00000F82
PORTD                             00000F83
PORTE                             00000F84
POSTDEC0                          00000FED
POSTDEC1                          00000FE5
POSTDEC2                          00000FDD
POSTINC0                          00000FEE
POSTINC1                          00000FE6
POSTINC2                          00000FDE
PPB0                              00000000
PPB1                              00000001
PPBI                              00000001
PPBRST                            00000006
PR2                               00000FCB
PREINC0                           00000FEC
PREINC1                           00000FE4
PREINC2                           00000FDC
PROD                              00000FF3
PRODH                             00000FF4
PRODL                             00000FF3
PRSEN                             00000007
PSA                               00000003
PSSAC0                            00000002
PSSAC1                            00000003
PSSBD0                            00000000
PSSBD1                            00000001
R                                 00000002
RA0                               00000000
MPASM 5.77                          MAIN.ASM   6-28-2020  12:01:40         PAGE 19


SYMBOL TABLE
  LABEL                             VALUE 

RA1                               00000001
RA2                               00000002
RA3                               00000003
RA4                               00000004
RA5                               00000005
RA6                               00000006
RB0                               00000000
RB1                               00000001
RB2                               00000002
RB3                               00000003
RB4                               00000004
RB5                               00000005
RB6                               00000006
RB7                               00000007
RBIE                              00000003
RBIF                              00000000
RBIP                              00000000
RBPU                              00000007
RC0                               00000000
RC1                               00000001
RC2                               00000002
RC4                               00000004
RC5                               00000005
RC6                               00000006
RC7                               00000007
RCEN                              00000003
RCIDL                             00000006
RCIE                              00000005
RCIF                              00000005
RCIP                              00000005
RCMT                              00000006
RCON                              00000FD0
RCREG                             00000FAE
RCSTA                             00000FAB
RD                                00000000
RD0                               00000000
RD1                               00000001
RD16                              00000007
RD2                               00000002
RD3                               00000003
RD4                               00000004
RD5                               00000005
RD6                               00000006
RD7                               00000007
RDPU                              00000007
RDSPP                             00000007
RE0                               00000000
RE1                               00000001
RE2                               00000002
RE3                               00000003
READ_WRITE                        00000002
RESUME                            00000002
RF_CH                             00000005
MPASM 5.77                          MAIN.ASM   6-28-2020  12:01:40         PAGE 20


SYMBOL TABLE
  LABEL                             VALUE 

RF_SETUP                          00000006
RI                                00000004
RSEN                              00000001
RX                                00000007
RX9                               00000006
RX9D                              00000000
RXDATA                            00000004
RXDTP                             00000005
RX_ADDR_P0                        0000000A
RX_ADDR_P1                        0000000B
RX_ADDR_P2                        0000000C
RX_ADDR_P3                        0000000D
RX_ADDR_P4                        0000000E
RX_ADDR_P5                        0000000F
RX_PW_P0                          00000011
RX_PW_P1                          00000012
RX_PW_P2                          00000013
RX_PW_P3                          00000014
RX_PW_P4                          00000015
RX_PW_P5                          00000016
R_NOT_W                           00000002
R_REGISTER                        00000000
R_RX_PAYLOAD                      00000061
R_W                               00000002
S                                 00000003
SBOREN                            00000006
SCKP                              00000004
SCS0                              00000000
SCS1                              00000001
SE0                               00000005
SEN                               00000000
SENDB                             00000003
SETUP_AW                          00000003
SETUP_RETR                        00000004
SMP                               00000007
SOFIE                             00000006
SOFIF                             00000006
SPBRG                             00000FAF
SPBRGH                            00000FB0
SPEN                              00000007
SPI_CLOSE                         00000012
SPI_INIT                          00000000
SPI_READ                          00000018
SPI_WRITE                         00000026
SPP0                              00000000
SPP1                              00000001
SPP2                              00000002
SPP3                              00000003
SPP4                              00000004
SPP5                              00000005
SPP6                              00000006
SPP7                              00000007
SPPBUSY                           00000004
MPASM 5.77                          MAIN.ASM   6-28-2020  12:01:40         PAGE 21


SYMBOL TABLE
  LABEL                             VALUE 

SPPCFG                            00000F63
SPPCON                            00000F65
SPPDATA                           00000F62
SPPEN                             00000000
SPPEPS                            00000F64
SPPIE                             00000007
SPPIF                             00000007
SPPIP                             00000007
SPPOWN                            00000001
SREN                              00000005
SSPADD                            00000FC8
SSPBUF                            00000FC9
SSPCON1                           00000FC6
SSPCON2                           00000FC5
SSPEN                             00000005
SSPIE                             00000003
SSPIF                             00000003
SSPIP                             00000003
SSPM0                             00000000
SSPM1                             00000001
SSPM2                             00000002
SSPM3                             00000003
SSPOV                             00000006
SSPSTAT                           00000FC7
STALLIE                           00000005
STALLIF                           00000005
START                             00000000
STATUS                            00000FD8
STATUS_TEMP                       00000001
STATUS_VAL                        00000007
STKFUL                            00000007
STKOVF                            00000007
STKPTR                            00000FFC
STKPTR0                           00000000
STKPTR1                           00000001
STKPTR2                           00000002
STKPTR3                           00000003
STKPTR4                           00000004
STKUNF                            00000006
SUSPND                            00000001
SWDTE                             00000000
SWDTEN                            00000000
SYNC                              00000004
T08BIT                            00000006
T0CKI                             00000004
T0CON                             00000FD5
T0CS                              00000005
T0IE                              00000005
T0IF                              00000002
T0IP                              00000002
T0PS0                             00000000
T0PS1                             00000001
T0PS2                             00000002
MPASM 5.77                          MAIN.ASM   6-28-2020  12:01:40         PAGE 22


SYMBOL TABLE
  LABEL                             VALUE 

T0SE                              00000004
T13CKI                            00000000
T1CKPS0                           00000004
T1CKPS1                           00000005
T1CON                             00000FCD
T1OSCEN                           00000003
T1OSI                             00000001
T1OSO                             00000000
T1RUN                             00000006
T1SYNC                            00000002
T2CKPS0                           00000000
T2CKPS1                           00000001
T2CON                             00000FCA
T2OUTPS0                          00000003
T2OUTPS1                          00000004
T2OUTPS2                          00000005
T2OUTPS3                          00000006
T3CCP1                            00000003
T3CCP2                            00000006
T3CKPS0                           00000004
T3CKPS1                           00000005
T3CON                             00000FB1
T3NSYNC                           00000002
T3SYNC                            00000002
TABLAT                            00000FF5
TBLPTR                            00000FF6
TBLPTRH                           00000FF7
TBLPTRL                           00000FF6
TBLPTRU                           00000FF8
TMR0                              00000FD6
TMR0H                             00000FD7
TMR0IE                            00000005
TMR0IF                            00000002
TMR0IP                            00000002
TMR0L                             00000FD6
TMR0ON                            00000007
TMR0_COUNT                        00000005
TMR0_INIT                         00000000
TMR0_RELOAD                       00000016
TMR1                              00000FCE
TMR1CS                            00000001
TMR1H                             00000FCF
TMR1IE                            00000000
TMR1IF                            00000000
TMR1IP                            00000000
TMR1L                             00000FCE
TMR1ON                            00000000
TMR2                              00000FCC
TMR2IE                            00000001
TMR2IF                            00000001
TMR2IP                            00000001
TMR2ON                            00000002
TMR3                              00000FB2
MPASM 5.77                          MAIN.ASM   6-28-2020  12:01:40         PAGE 23


SYMBOL TABLE
  LABEL                             VALUE 

TMR3CS                            00000001
TMR3H                             00000FB3
TMR3IE                            00000001
TMR3IF                            00000001
TMR3IP                            00000001
TMR3L                             00000FB2
TMR3ON                            00000000
TO                                00000003
TOS                               00000FFD
TOSH                              00000FFE
TOSL                              00000FFD
TOSU                              00000FFF
TOUTPS0                           00000003
TOUTPS1                           00000004
TOUTPS2                           00000005
TOUTPS3                           00000006
TRISA                             00000F92
TRISA0                            00000000
TRISA1                            00000001
TRISA2                            00000002
TRISA3                            00000003
TRISA4                            00000004
TRISA5                            00000005
TRISA6                            00000006
TRISB                             00000F93
TRISB0                            00000000
TRISB1                            00000001
TRISB2                            00000002
TRISB3                            00000003
TRISB4                            00000004
TRISB5                            00000005
TRISB6                            00000006
TRISB7                            00000007
TRISC                             00000F94
TRISC0                            00000000
TRISC1                            00000001
TRISC2                            00000002
TRISC6                            00000006
TRISC7                            00000007
TRISD                             00000F95
TRISD0                            00000000
TRISD1                            00000001
TRISD2                            00000002
TRISD3                            00000003
TRISD4                            00000004
TRISD5                            00000005
TRISD6                            00000006
TRISD7                            00000007
TRISE                             00000F96
TRISE0                            00000000
TRISE1                            00000001
TRISE2                            00000002
TRMT                              00000001
MPASM 5.77                          MAIN.ASM   6-28-2020  12:01:40         PAGE 24


SYMBOL TABLE
  LABEL                             VALUE 

TRNIE                             00000003
TRNIF                             00000003
TUN0                              00000000
TUN1                              00000001
TUN2                              00000002
TUN3                              00000003
TUN4                              00000004
TX                                00000006
TX9                               00000006
TX9D                              00000000
TXCKP                             00000004
TXDATA                            00000003
TXEN                              00000005
TXIE                              00000004
TXIF                              00000004
TXIP                              00000004
TXREG                             00000FAD
TXSTA                             00000FAC
TX_ADDR                           00000010
UA                                00000001
UADDR                             00000F6E
UCFG                              00000F6F
UCON                              00000F6D
UEIE                              00000F6B
UEIR                              00000F6A
UEP0                              00000F70
UEP1                              00000F71
UEP10                             00000F7A
UEP11                             00000F7B
UEP12                             00000F7C
UEP13                             00000F7D
UEP14                             00000F7E
UEP15                             00000F7F
UEP2                              00000F72
UEP3                              00000F73
UEP4                              00000F74
UEP5                              00000F75
UEP6                              00000F76
UEP7                              00000F77
UEP8                              00000F78
UEP9                              00000F79
UERRIE                            00000001
UERRIF                            00000001
UFRM                              00000F66
UFRMH                             00000F67
UFRML                             00000F66
UIE                               00000F69
UIR                               00000F68
UOEMON                            00000006
UPUEN                             00000004
URSTIE                            00000000
URSTIF                            00000000
USBEN                             00000003
MPASM 5.77                          MAIN.ASM   6-28-2020  12:01:40         PAGE 25


SYMBOL TABLE
  LABEL                             VALUE 

USBIE                             00000005
USBIF                             00000005
USBIP                             00000005
USTAT                             00000F6C
UTEYE                             00000007
UTRDIS                            00000003
VCFG0                             00000004
VCFG1                             00000005
VDIRMAG                           00000007
VREFM                             00000002
VREFP                             00000003
W                                 00000000
WCOL                              00000007
WDTCON                            00000FD1
WR                                00000001
WREG                              00000FE8
WREN                              00000002
WRERR                             00000003
WRSPP                             00000006
WS0                               00000000
WS1                               00000001
WS2                               00000002
WS3                               00000003
WUE                               00000001
W_REGISTER                        00000020
W_TEMP                            00000000
W_TX_PAYLOAD                      000000A0
Z                                 00000002
_BORV_0_2L                        000000E7
_BORV_1_2L                        000000EF
_BORV_2_2L                        000000F7
_BORV_3_2L                        000000FF
_BOR_OFF_2L                       000000F9
_BOR_ON_2L                        000000FF
_BOR_ON_ACTIVE_2L                 000000FD
_BOR_SOFT_2L                      000000FB
_CCP2MX_OFF_3H                    000000FE
_CCP2MX_ON_3H                     000000FF
_CONFIG1H                         00300001
_CONFIG1L                         00300000
_CONFIG2H                         00300003
_CONFIG2L                         00300002
_CONFIG3H                         00300005
_CONFIG4L                         00300006
_CONFIG5H                         00300009
_CONFIG5L                         00300008
_CONFIG6H                         0030000B
_CONFIG6L                         0030000A
_CONFIG7H                         0030000D
_CONFIG7L                         0030000C
_CP0_OFF_5L                       000000FF
_CP0_ON_5L                        000000FE
_CP1_OFF_5L                       000000FF
MPASM 5.77                          MAIN.ASM   6-28-2020  12:01:40         PAGE 26


SYMBOL TABLE
  LABEL                             VALUE 

_CP1_ON_5L                        000000FD
_CP2_OFF_5L                       000000FF
_CP2_ON_5L                        000000FB
_CP3_OFF_5L                       000000FF
_CP3_ON_5L                        000000F7
_CPB_OFF_5H                       000000FF
_CPB_ON_5H                        000000BF
_CPD_OFF_5H                       000000FF
_CPD_ON_5H                        0000007F
_CPUDIV_OSC1_PLL2_1L              000000E7
_CPUDIV_OSC2_PLL3_1L              000000EF
_CPUDIV_OSC3_PLL4_1L              000000F7
_CPUDIV_OSC4_PLL6_1L              000000FF
_DEBUG_OFF_4L                     000000FF
_DEBUG_ON_4L                      0000007F
_DEVID1                           003FFFFE
_DEVID2                           003FFFFF
_EBTR0_OFF_7L                     000000FF
_EBTR0_ON_7L                      000000FE
_EBTR1_OFF_7L                     000000FF
_EBTR1_ON_7L                      000000FD
_EBTR2_OFF_7L                     000000FF
_EBTR2_ON_7L                      000000FB
_EBTR3_OFF_7L                     000000FF
_EBTR3_ON_7L                      000000F7
_EBTRB_OFF_7H                     000000FF
_EBTRB_ON_7H                      000000BF
_FCMEN_OFF_1H                     000000BF
_FCMEN_ON_1H                      000000FF
_FOSC_ECIO_EC_1H                  000000F4
_FOSC_ECPLLIO_EC_1H               000000F6
_FOSC_ECPLL_EC_1H                 000000F7
_FOSC_EC_EC_1H                    000000F5
_FOSC_HSPLL_HS_1H                 000000FE
_FOSC_HS_1H                       000000FC
_FOSC_INTOSCIO_EC_1H              000000F8
_FOSC_INTOSC_EC_1H                000000F9
_FOSC_INTOSC_HS_1H                000000FB
_FOSC_INTOSC_XT_1H                000000FA
_FOSC_XTPLL_XT_1H                 000000F2
_FOSC_XT_XT_1H                    000000F0
_ICPRT_OFF_4L                     000000DF
_ICPRT_ON_4L                      000000FF
_IDLOC0                           00200000
_IDLOC1                           00200001
_IDLOC2                           00200002
_IDLOC3                           00200003
_IDLOC4                           00200004
_IDLOC5                           00200005
_IDLOC6                           00200006
_IDLOC7                           00200007
_IESO_OFF_1H                      0000007F
_IESO_ON_1H                       000000FF
MPASM 5.77                          MAIN.ASM   6-28-2020  12:01:40         PAGE 27


SYMBOL TABLE
  LABEL                             VALUE 

_LPT1OSC_OFF_3H                   000000FB
_LPT1OSC_ON_3H                    000000FF
_LVP_OFF_4L                       000000FB
_LVP_ON_4L                        000000FF
_MCLRE_OFF_3H                     0000007F
_MCLRE_ON_3H                      000000FF
_PBADEN_OFF_3H                    000000FD
_PBADEN_ON_3H                     000000FF
_PLLDIV_10_1L                     000000FE
_PLLDIV_12_1L                     000000FF
_PLLDIV_1_1L                      000000F8
_PLLDIV_2_1L                      000000F9
_PLLDIV_3_1L                      000000FA
_PLLDIV_4_1L                      000000FB
_PLLDIV_5_1L                      000000FC
_PLLDIV_6_1L                      000000FD
_PWRT_OFF_2L                      000000FF
_PWRT_ON_2L                       000000FE
_STVREN_OFF_4L                    000000FE
_STVREN_ON_4L                     000000FF
_USBDIV_1_1L                      000000DF
_USBDIV_2_1L                      000000FF
_VREGEN_OFF_2L                    000000DF
_VREGEN_ON_2L                     000000FF
_WDTPS_1024_2H                    000000F5
_WDTPS_128_2H                     000000EF
_WDTPS_16384_2H                   000000FD
_WDTPS_16_2H                      000000E9
_WDTPS_1_2H                       000000E1
_WDTPS_2048_2H                    000000F7
_WDTPS_256_2H                     000000F1
_WDTPS_2_2H                       000000E3
_WDTPS_32768_2H                   000000FF
_WDTPS_32_2H                      000000EB
_WDTPS_4096_2H                    000000F9
_WDTPS_4_2H                       000000E5
_WDTPS_512_2H                     000000F3
_WDTPS_64_2H                      000000ED
_WDTPS_8192_2H                    000000FB
_WDTPS_8_2H                       000000E7
_WDT_OFF_2H                       000000FE
_WDT_ON_2H                        000000FF
_WRT0_OFF_6L                      000000FF
_WRT0_ON_6L                       000000FE
_WRT1_OFF_6L                      000000FF
_WRT1_ON_6L                       000000FD
_WRT2_OFF_6L                      000000FF
_WRT2_ON_6L                       000000FB
_WRT3_OFF_6L                      000000FF
_WRT3_ON_6L                       000000F7
_WRTB_OFF_6H                      000000FF
_WRTB_ON_6H                       000000BF
_WRTC_OFF_6H                      000000FF
MPASM 5.77                          MAIN.ASM   6-28-2020  12:01:40         PAGE 28


SYMBOL TABLE
  LABEL                             VALUE 

_WRTC_ON_6H                       000000DF
_WRTD_OFF_6H                      000000FF
_WRTD_ON_6H                       0000007F
_XINST_OFF_4L                     000000BF
_XINST_ON_4L                      000000FF
__18F4550                         00000001
delay                             00000010
esperar                           0000002E
esperar_lectura                   0000001C
loop                              0000001A
wait_data                         0000010E

Errors   :     0
Warnings :     5 reported,     0 suppressed
Messages :     0 reported,     0 suppressed

